app/build/outputs/logs/manifest-merger-debug-report.txt
-- Merging decision tree log ---
manifest
ADDED from src\main\AndroidManifest.xml:22:1-82:12
	package
		ADDED from src\main\AndroidManifest.xml:23:11-34
		INJECTED from src\main\AndroidManifest.xml
		INJECTED from src\main\AndroidManifest.xml
	android:versionName
		ADDED from src\main\AndroidManifest.xml:24:11-38
		INJECTED from src\main\AndroidManifest.xml
		INJECTED from src\main\AndroidManifest.xml
	android:versionCode
		ADDED from src\main\AndroidManifest.xml:25:11-38
		INJECTED from src\main\AndroidManifest.xml
		INJECTED from src\main\AndroidManifest.xml
	xmlns:android
		ADDED from src\main\AndroidManifest.xml:22:11-69
uses-permission#android.permission.READ_CONTACTS
ADDED from src\main\AndroidManifest.xml:27:5-72
	android:name
		ADDED from src\main\AndroidManifest.xml:27:22-69
uses-permission#android.permission.WRITE_CONTACTS
ADDED from src\main\AndroidManifest.xml:28:5-73
	android:name
		ADDED from src\main\AndroidManifest.xml:28:22-70
uses-permission#android.permission.WRITE_SETTINGS
ADDED from src\main\AndroidManifest.xml:29:5-73
	android:name
		ADDED from src\main\AndroidManifest.xml:29:22-70
uses-permission#android.permission.WRITE_EXTERNAL_STORAGE
ADDED from src\main\AndroidManifest.xml:30:5-81
	android:name
		ADDED from src\main\AndroidManifest.xml:30:22-78
uses-permission#android.permission.MODIFY_AUDIO_SETTINGS
ADDED from src\main\AndroidManifest.xml:31:5-80
	android:name
		ADDED from src\main\AndroidManifest.xml:31:22-77
uses-permission#android.permission.RECORD_AUDIO
ADDED from src\main\AndroidManifest.xml:32:5-70
	android:name
		ADDED from src\main\AndroidManifest.xml:32:22-68
supports-screens
ADDED from src\main\AndroidManifest.xml:34:5-51
	android:anyDensity
		ADDED from src\main\AndroidManifest.xml:34:23-48
application
ADDED from src\main\AndroidManifest.xml:36:5-80:19
MERGED from [com.android.support:support-v4:23.0.0] AndroidManifest.xml:22:5-20
	android:label
		ADDED from src\main\AndroidManifest.xml:36:18-60
	android:allowBackup
		ADDED from src\main\AndroidManifest.xml:40:18-44
	android:icon
		ADDED from src\main\AndroidManifest.xml:37:18-54
	android:largeHeap
		ADDED from src\main\AndroidManifest.xml:39:18-42
	android:theme
		ADDED from src\main\AndroidManifest.xml:38:18-59
activity#com.ringdroid.RingdroidSelectActivity
ADDED from src\main\AndroidManifest.xml:44:9-59:20
	android:label
		ADDED from src\main\AndroidManifest.xml:45:19-62
	android:name
		ADDED from src\main\AndroidManifest.xml:44:19-57
intent-filter#android.intent.action.MAIN+android.intent.category.DEFAULT+android.intent.category.LAUNCHER
ADDED from src\main\AndroidManifest.xml:46:13-50:29
action#android.intent.action.MAIN
ADDED from src\main\AndroidManifest.xml:47:17-69
	android:name
		ADDED from src\main\AndroidManifest.xml:47:25-66
category#android.intent.category.DEFAULT
ADDED from src\main\AndroidManifest.xml:48:17-76
	android:name
		ADDED from src\main\AndroidManifest.xml:48:27-73
category#android.intent.category.LAUNCHER
ADDED from src\main\AndroidManifest.xml:49:17-77
	android:name
		ADDED from src\main\AndroidManifest.xml:49:27-74
intent-filter#android.intent.action.GET_CONTENT+android.intent.category.DEFAULT+android.intent.category.OPENABLE
ADDED from src\main\AndroidManifest.xml:52:13-57:29
action#android.intent.action.GET_CONTENT
ADDED from src\main\AndroidManifest.xml:53:17-76
	android:name
		ADDED from src\main\AndroidManifest.xml:53:25-73
category#android.intent.category.OPENABLE
ADDED from src\main\AndroidManifest.xml:55:17-77
	android:name
		ADDED from src\main\AndroidManifest.xml:55:27-74
data
ADDED from src\main\AndroidManifest.xml:56:17-52
	android:mimeType
		ADDED from src\main\AndroidManifest.xml:56:23-49
activity#com.ringdroid.RingdroidEditActivity
ADDED from src\main\AndroidManifest.xml:65:9-73:20
	android:hardwareAccelerated
		ADDED from src\main\AndroidManifest.xml:68:19-53
	android:windowSoftInputMode
		ADDED from src\main\AndroidManifest.xml:67:19-61
	android:configChanges
		ADDED from src\main\AndroidManifest.xml:66:19-80
	android:name
		ADDED from src\main\AndroidManifest.xml:65:19-55
intent-filter#android.intent.action.EDIT
ADDED from src\main\AndroidManifest.xml:69:13-72:29
	android:label
		ADDED from src\main\AndroidManifest.xml:69:28-63
action#android.intent.action.EDIT
ADDED from src\main\AndroidManifest.xml:70:17-69
	android:name
		ADDED from src\main\AndroidManifest.xml:70:25-66
activity#com.ringdroid.ChooseContactActivity
ADDED from src\main\AndroidManifest.xml:76:9-78:20
	android:configChanges
		ADDED from src\main\AndroidManifest.xml:77:19-69
	android:name
		ADDED from src\main\AndroidManifest.xml:76:19-55
uses-sdk
INJECTED from src\main\AndroidManifest.xml reason: use-sdk injection requested
MERGED from [com.android.support:support-v4:23.0.0] AndroidManifest.xml:20:5-43
	android:targetSdkVersion
		INJECTED from src\main\AndroidManifest.xml
		INJECTED from src\main\AndroidManifest.xml
	android:minSdkVersion
		INJECTED from src\main\AndroidManifest.xml
		INJECTED from src\main\AndroidManifest.xml